2.8.2023, 8:39:28 - DEBUG - Getting Images: | {} 
2.8.2023, 8:39:34 - DEBUG - Getting Images: | {} 
2.8.2023, 8:40:22 - DEBUG - Getting Images: | {} 
2.8.2023, 8:40:27 - DEBUG - Getting Images: | {} 
2.8.2023, 8:43:30 - DEBUG - Getting Images: | {} 
2.8.2023, 8:44:01 - DEBUG - Getting Images: | {} 
2.8.2023, 8:44:30 - DEBUG - Getting Images: | {} 
2.8.2023, 8:45:09 - DEBUG - Getting Images: | {} 
2.8.2023, 8:45:10 - DEBUG - Getting Images: | {} 
2.8.2023, 8:46:10 - INFO - Server is running on port: 3030 
2.8.2023, 8:46:40 - INFO - Server is running on port: 3030 
2.8.2023, 8:46:42 - DEBUG - Getting Images: | {} 
2.8.2023, 8:47:02 - INFO - Server is running on port: 3030 
2.8.2023, 8:47:38 - INFO - Server is running on port: 3030 
2.8.2023, 8:47:44 - DEBUG - Getting Images: | {} 
2.8.2023, 8:48:00 - INFO - Server is running on port: 3030 
2.8.2023, 8:48:03 - DEBUG - Getting Images: | {} 
2.8.2023, 8:48:33 - INFO - Server is running on port: 3030 
2.8.2023, 8:48:47 - INFO - Server is running on port: 3030 
2.8.2023, 8:48:49 - DEBUG - Getting Images: | {} 
2.8.2023, 8:49:21 - DEBUG - Getting Images: | {} 
2.8.2023, 8:49:27 - INFO - Server is running on port: 3030 
2.8.2023, 8:49:55 - INFO - Server is running on port: 3030 
2.8.2023, 8:50:47 - INFO - Server is running on port: 3030 
2.8.2023, 8:50:51 - DEBUG - Getting Images: | {} 
2.8.2023, 8:51:04 - INFO - Server is running on port: 3030 
2.8.2023, 8:51:05 - DEBUG - Getting Images: | {} 
2.8.2023, 8:51:20 - INFO - Server is running on port: 3030 
2.8.2023, 8:51:42 - INFO - Server is running on port: 3030 
2.8.2023, 8:51:48 - INFO - Server is running on port: 3030 
2.8.2023, 8:52:20 - INFO - Server is running on port: 3030 
2.8.2023, 8:52:31 - DEBUG - Getting Images: | {} 
2.8.2023, 8:52:33 - DEBUG - Getting Images: | {} 
2.8.2023, 8:52:40 - INFO - Server is running on port: 3030 
2.8.2023, 8:52:43 - INFO - Server is running on port: 3030 
2.8.2023, 8:52:44 - DEBUG - Getting Images: | {} 
3.8.2023, 10:01:32 - INFO - Server is running on port: 3030 
3.8.2023, 10:01:46 - DEBUG - Getting Images: | {} 
3.8.2023, 10:45:55 - INFO - Server is running on port: 3030 
3.8.2023, 10:45:56 - DEBUG - Getting Images: | {} 
3.8.2023, 10:45:56 - ERROR - Failed to get quotes | ReferenceError: logger is not defined 
3.8.2023, 11:09:45 - INFO - Server is running on port: 3030 
3.8.2023, 11:10:55 - INFO - Server is running on port: 3030 
3.8.2023, 11:10:59 - DEBUG - Getting Images: | {} 
3.8.2023, 11:10:59 - ERROR - Failed to get quotes | ReferenceError: logger is not defined 
3.8.2023, 11:11:32 - INFO - Server is running on port: 3030 
3.8.2023, 11:11:35 - DEBUG - Getting Images: | {} 
3.8.2023, 11:11:35 - ERROR - Failed to get quotes | ReferenceError: logger is not defined 
3.8.2023, 11:11:53 - INFO - Server is running on port: 3030 
3.8.2023, 11:11:55 - DEBUG - Getting Images: | {} 
3.8.2023, 11:11:55 - ERROR - cannot find quotes | TypeError: collection.findOne(...).toArray is not a function 
3.8.2023, 11:11:55 - ERROR - Failed to get quotes | TypeError: collection.findOne(...).toArray is not a function 
3.8.2023, 11:12:03 - INFO - Server is running on port: 3030 
3.8.2023, 11:12:07 - DEBUG - Getting Images: | {} 
3.8.2023, 11:12:30 - INFO - Server is running on port: 3030 
3.8.2023, 11:12:31 - DEBUG - Getting Images: | {} 
3.8.2023, 11:12:44 - INFO - Server is running on port: 3030 
3.8.2023, 11:12:44 - DEBUG - Getting Images: | {} 
3.8.2023, 11:12:46 - DEBUG - Getting Images: | {} 
3.8.2023, 11:16:25 - INFO - Server is running on port: 3030 
3.8.2023, 11:16:25 - DEBUG - Getting Images: | {} 
3.8.2023, 11:16:30 - INFO - Server is running on port: 3030 
3.8.2023, 11:21:52 - INFO - Server is running on port: 3030 
3.8.2023, 11:21:55 - DEBUG - Getting Images: | {} 
3.8.2023, 11:22:15 - INFO - Server is running on port: 3030 
3.8.2023, 11:22:17 - DEBUG - Getting Images: | {} 
3.8.2023, 11:22:19 - DEBUG - Getting Images: | {} 
3.8.2023, 11:23:14 - INFO - Server is running on port: 3030 
3.8.2023, 11:23:15 - DEBUG - Getting Images: | {} 
3.8.2023, 11:23:15 - ERROR - cannot find quotes | ReferenceError: quotes is not defined 
3.8.2023, 11:23:15 - ERROR - Failed to get quotes | ReferenceError: quotes is not defined 
3.8.2023, 11:23:26 - INFO - Server is running on port: 3030 
3.8.2023, 11:23:35 - DEBUG - Getting Images: | {} 
3.8.2023, 11:25:01 - INFO - Server is running on port: 3030 
3.8.2023, 11:25:01 - DEBUG - Getting Images: | {} 
3.8.2023, 11:25:02 - DEBUG - Getting Images: | {} 
3.8.2023, 11:25:15 - INFO - Server is running on port: 3030 
3.8.2023, 11:25:25 - INFO - Server is running on port: 3030 
3.8.2023, 11:25:55 - INFO - Server is running on port: 3030 
3.8.2023, 11:25:55 - DEBUG - Getting Images: | {} 
3.8.2023, 11:25:56 - DEBUG - Getting Images: | {} 
3.8.2023, 11:28:08 - INFO - Server is running on port: 3030 
3.8.2023, 11:28:11 - INFO - Server is running on port: 3030 
3.8.2023, 11:34:46 - INFO - Server is running on port: 3030 
3.8.2023, 11:34:48 - DEBUG - Getting Images: | {} 
3.8.2023, 11:35:32 - INFO - Server is running on port: 3030 
3.8.2023, 11:35:35 - DEBUG - Getting Images: | {} 
3.8.2023, 11:35:40 - INFO - Server is running on port: 3030 
3.8.2023, 11:35:46 - INFO - Server is running on port: 3030 
3.8.2023, 11:35:47 - DEBUG - Getting Images: | {} 
3.8.2023, 11:35:48 - DEBUG - Getting Images: | {} 
3.8.2023, 11:35:55 - INFO - Server is running on port: 3030 
3.8.2023, 11:36:16 - INFO - Server is running on port: 3030 
3.8.2023, 11:36:16 - DEBUG - Getting Images: | {} 
3.8.2023, 11:36:24 - INFO - Server is running on port: 3030 
3.8.2023, 11:36:36 - INFO - Server is running on port: 3030 
3.8.2023, 11:36:36 - DEBUG - Getting Images: | {} 
3.8.2023, 11:36:57 - INFO - Server is running on port: 3030 
3.8.2023, 11:36:57 - DEBUG - Getting Images: | {} 
3.8.2023, 11:36:58 - DEBUG - Getting Images: | {} 
3.8.2023, 11:37:01 - INFO - Server is running on port: 3030 
3.8.2023, 11:37:05 - INFO - Server is running on port: 3030 
3.8.2023, 11:37:05 - DEBUG - Getting Images: | {} 
3.8.2023, 11:37:07 - DEBUG - Getting Images: | {} 
3.8.2023, 11:37:57 - INFO - Server is running on port: 3030 
3.8.2023, 11:38:54 - INFO - Server is running on port: 3030 
3.8.2023, 11:38:55 - DEBUG - Getting Images: | {} 
3.8.2023, 11:38:57 - DEBUG - Getting Images: | {} 
3.8.2023, 11:45:18 - INFO - Server is running on port: 3030 
3.8.2023, 11:45:21 - DEBUG - Getting Images: | {} 
3.8.2023, 11:45:30 - INFO - Server is running on port: 3030 
3.8.2023, 11:45:31 - DEBUG - Getting Images: | {} 
3.8.2023, 11:45:58 - INFO - Server is running on port: 3030 
3.8.2023, 11:45:58 - DEBUG - Getting Images: | {} 
3.8.2023, 11:46:05 - INFO - Server is running on port: 3030 
3.8.2023, 11:46:07 - INFO - Server is running on port: 3030 
3.8.2023, 11:46:11 - INFO - Server is running on port: 3030 
3.8.2023, 12:18:43 - DEBUG - Getting Images: | {} 
3.8.2023, 12:20:39 - INFO - Server is running on port: 3030 
3.8.2023, 12:20:40 - DEBUG - Getting Images: | {} 
3.8.2023, 12:20:41 - DEBUG - Getting Images: | {} 
3.8.2023, 12:22:45 - INFO - Server is running on port: 3030 
3.8.2023, 12:23:05 - INFO - Server is running on port: 3030 
3.8.2023, 12:23:05 - DEBUG - Getting Images: | {} 
3.8.2023, 12:23:06 - DEBUG - Getting Images: | {} 
3.8.2023, 12:23:07 - DEBUG - Getting Images: | {} 
3.8.2023, 12:23:48 - INFO - Server is running on port: 3030 
3.8.2023, 12:24:40 - DEBUG - Getting Images: | {} 
3.8.2023, 12:25:04 - INFO - Server is running on port: 3030 
3.8.2023, 12:25:12 - INFO - Server is running on port: 3030 
3.8.2023, 12:25:13 - DEBUG - Getting Images: | {} 
3.8.2023, 12:25:30 - INFO - Server is running on port: 3030 
3.8.2023, 12:25:32 - DEBUG - Getting Images: | {} 
3.8.2023, 12:25:36 - INFO - Server is running on port: 3030 
3.8.2023, 12:26:18 - INFO - Server is running on port: 3030 
3.8.2023, 12:26:22 - INFO - Server is running on port: 3030 
3.8.2023, 12:26:56 - INFO - Server is running on port: 3030 
3.8.2023, 12:27:17 - DEBUG - Getting Images: | {} 
3.8.2023, 12:28:40 - INFO - Server is running on port: 3030 
3.8.2023, 12:29:16 - INFO - Server is running on port: 3030 
3.8.2023, 12:31:37 - INFO - Server is running on port: 3030 
3.8.2023, 12:31:47 - INFO - Server is running on port: 3030 
3.8.2023, 12:34:22 - INFO - Server is running on port: 3030 
3.8.2023, 12:34:59 - INFO - Server is running on port: 3030 
3.8.2023, 12:35:05 - INFO - Server is running on port: 3030 
3.8.2023, 12:40:44 - INFO - Server is running on port: 3030 
3.8.2023, 12:42:45 - INFO - Server is running on port: 3030 
3.8.2023, 12:43:35 - INFO - Server is running on port: 3030 
3.8.2023, 12:43:47 - INFO - Server is running on port: 3030 
3.8.2023, 12:43:54 - INFO - Server is running on port: 3030 
3.8.2023, 12:43:58 - INFO - Server is running on port: 3030 
3.8.2023, 12:53:45 - INFO - Server is running on port: 3030 
3.8.2023, 12:53:47 - INFO - Server is running on port: 3030 
3.8.2023, 12:54:33 - INFO - Server is running on port: 3030 
3.8.2023, 12:55:56 - INFO - Server is running on port: 3030 
3.8.2023, 12:56:01 - INFO - Server is running on port: 3030 
3.8.2023, 12:57:58 - INFO - Server is running on port: 3030 
3.8.2023, 12:58:00 - ERROR - cannot find quotes | ReferenceError: logger is not defined 
3.8.2023, 12:58:00 - ERROR - Failed to get quotes | ReferenceError: logger is not defined 
3.8.2023, 12:58:26 - INFO - Server is running on port: 3030 
3.8.2023, 12:58:28 - INFO - Server is running on port: 3030 
3.8.2023, 12:58:29 - INFO - Server is running on port: 3030 
3.8.2023, 12:58:48 - INFO - Server is running on port: 3030 
3.8.2023, 13:00:27 - INFO - Server is running on port: 3030 
3.8.2023, 13:01:41 - INFO - Server is running on port: 3030 
3.8.2023, 13:02:43 - INFO - Server is running on port: 3030 
3.8.2023, 13:03:11 - INFO - Server is running on port: 3030 
3.8.2023, 13:03:26 - INFO - Server is running on port: 3030 
3.8.2023, 13:06:35 - INFO - Server is running on port: 3030 
3.8.2023, 13:06:39 - INFO - Server is running on port: 3030 
3.8.2023, 13:06:51 - INFO - Server is running on port: 3030 
3.8.2023, 13:07:05 - INFO - Server is running on port: 3030 
3.8.2023, 13:07:37 - INFO - Server is running on port: 3030 
3.8.2023, 13:07:52 - INFO - Server is running on port: 3030 
3.8.2023, 13:08:11 - INFO - Server is running on port: 3030 
3.8.2023, 13:08:37 - INFO - Server is running on port: 3030 
3.8.2023, 13:08:40 - INFO - Server is running on port: 3030 
3.8.2023, 13:09:06 - INFO - Server is running on port: 3030 
3.8.2023, 13:09:14 - INFO - Server is running on port: 3030 
3.8.2023, 13:09:40 - INFO - Server is running on port: 3030 
3.8.2023, 13:10:40 - INFO - Server is running on port: 3030 
3.8.2023, 13:10:45 - INFO - Server is running on port: 3030 
3.8.2023, 13:10:50 - INFO - Server is running on port: 3030 
3.8.2023, 13:10:57 - INFO - Server is running on port: 3030 
3.8.2023, 13:10:58 - INFO - Server is running on port: 3030 
3.8.2023, 13:12:42 - INFO - Server is running on port: 3030 
3.8.2023, 13:13:10 - INFO - Server is running on port: 3030 
3.8.2023, 13:13:26 - INFO - Server is running on port: 3030 
3.8.2023, 13:13:29 - DEBUG - Getting Images: | {} 
3.8.2023, 13:35:25 - DEBUG - Getting Images: | {} 
3.8.2023, 13:42:55 - INFO - Server is running on port: 3030 
3.8.2023, 13:42:58 - INFO - Server is running on port: 3030 
3.8.2023, 13:43:00 - DEBUG - Getting Images: | {} 
3.8.2023, 13:43:05 - INFO - Server is running on port: 3030 
3.8.2023, 13:43:16 - INFO - Server is running on port: 3030 
3.8.2023, 13:43:17 - DEBUG - Getting Images: | {} 
3.8.2023, 13:43:19 - DEBUG - Getting Images: | {} 
3.8.2023, 13:43:30 - INFO - Server is running on port: 3030 
3.8.2023, 13:43:32 - DEBUG - Getting Images: | {} 
3.8.2023, 13:43:33 - DEBUG - Getting Images: | {} 
3.8.2023, 13:44:15 - INFO - Server is running on port: 3030 
3.8.2023, 13:44:18 - INFO - Server is running on port: 3030 
3.8.2023, 13:44:19 - DEBUG - Getting Images: | {} 
3.8.2023, 13:44:20 - DEBUG - Getting Images: | {} 
3.8.2023, 13:44:34 - INFO - Server is running on port: 3030 
3.8.2023, 13:44:35 - DEBUG - Getting Images: | {} 
3.8.2023, 13:44:37 - DEBUG - Getting Images: | {} 
3.8.2023, 13:44:39 - DEBUG - Getting Images: | {} 
3.8.2023, 13:44:39 - DEBUG - Getting Images: | {} 
3.8.2023, 13:44:48 - INFO - Server is running on port: 3030 
3.8.2023, 13:44:49 - DEBUG - Getting Images: | {} 
3.8.2023, 13:44:53 - INFO - Server is running on port: 3030 
3.8.2023, 13:45:00 - INFO - Server is running on port: 3030 
3.8.2023, 13:45:01 - DEBUG - Getting Images: | {} 
3.8.2023, 13:45:09 - INFO - Server is running on port: 3030 
3.8.2023, 13:51:02 - INFO - Server is running on port: 3030 
3.8.2023, 13:51:03 - INFO - Server is running on port: 3030 
3.8.2023, 13:51:07 - DEBUG - Getting Images: | {} 
3.8.2023, 13:51:36 - INFO - Server is running on port: 3030 
3.8.2023, 13:51:44 - DEBUG - Getting Images: | {} 
3.8.2023, 13:51:59 - INFO - Server is running on port: 3030 
3.8.2023, 13:52:00 - DEBUG - Getting Images: | {} 
3.8.2023, 13:52:08 - INFO - Server is running on port: 3030 
3.8.2023, 13:52:09 - DEBUG - Getting Images: | {} 
3.8.2023, 13:52:10 - DEBUG - Getting Images: | {} 
3.8.2023, 14:42:54 - INFO - Server is running on port: 3030 
3.8.2023, 14:43:27 - INFO - Server is running on port: 3030 
3.8.2023, 14:43:29 - DEBUG - Getting Images: | {} 
3.8.2023, 14:46:54 - INFO - Server is running on port: 3030 
3.8.2023, 14:47:35 - INFO - Server is running on port: 3030 
3.8.2023, 14:48:55 - INFO - Server is running on port: 3030 
3.8.2023, 14:49:05 - INFO - Server is running on port: 3030 
3.8.2023, 16:40:26 - INFO - Server is running on port: 3030 
3.8.2023, 16:43:39 - INFO - Server is running on port: 3030 
3.8.2023, 16:43:54 - INFO - Server is running on port: 3030 
3.8.2023, 16:43:56 - INFO - Server is running on port: 3030 
3.8.2023, 16:44:09 - INFO - Server is running on port: 3030 
3.8.2023, 16:44:13 - INFO - Server is running on port: 3030 
3.8.2023, 16:47:28 - INFO - Server is running on port: 3030 
3.8.2023, 16:48:31 - INFO - Server is running on port: 3030 
3.8.2023, 16:51:39 - INFO - Server is running on port: 3030 
3.8.2023, 16:52:15 - INFO - Server is running on port: 3030 
3.8.2023, 16:52:16 - INFO - Server is running on port: 3030 
3.8.2023, 16:52:48 - INFO - Server is running on port: 3030 
3.8.2023, 16:53:51 - INFO - Server is running on port: 3030 
3.8.2023, 16:54:40 - INFO - Server is running on port: 3030 
3.8.2023, 16:54:42 - INFO - Server is running on port: 3030 
3.8.2023, 16:56:34 - INFO - Server is running on port: 3030 
3.8.2023, 16:56:57 - INFO - Server is running on port: 3030 
3.8.2023, 16:57:22 - INFO - Server is running on port: 3030 
3.8.2023, 16:57:26 - INFO - Server is running on port: 3030 
3.8.2023, 16:57:30 - INFO - Server is running on port: 3030 
3.8.2023, 16:59:15 - INFO - Server is running on port: 3030 
3.8.2023, 17:08:03 - INFO - Server is running on port: 3030 
3.8.2023, 17:10:41 - INFO - Server is running on port: 3030 
3.8.2023, 17:11:00 - INFO - Server is running on port: 3030 
3.8.2023, 17:11:08 - INFO - Server is running on port: 3030 
3.8.2023, 17:11:34 - INFO - Server is running on port: 3030 
4.8.2023, 12:30:41 - INFO - Server is running on port: 3030 
4.8.2023, 12:30:43 - DEBUG - Getting Images: | {} 
4.8.2023, 12:30:44 - DEBUG - Getting Images: | {} 
4.8.2023, 12:30:45 - DEBUG - Getting Images: | {} 
4.8.2023, 12:30:59 - INFO - Server is running on port: 3030 
4.8.2023, 12:31:00 - DEBUG - Getting Images: | {} 
4.8.2023, 12:31:03 - INFO - Server is running on port: 3030 
4.8.2023, 12:31:04 - DEBUG - Getting Images: | {} 
4.8.2023, 12:31:06 - INFO - Server is running on port: 3030 
4.8.2023, 12:31:07 - DEBUG - Getting Images: | {} 
4.8.2023, 12:31:17 - INFO - Server is running on port: 3030 
4.8.2023, 12:31:17 - DEBUG - Getting Images: | {} 
4.8.2023, 12:31:18 - DEBUG - Getting Images: | {} 
4.8.2023, 12:31:27 - INFO - Server is running on port: 3030 
4.8.2023, 12:31:28 - DEBUG - Getting Images: | {} 
4.8.2023, 12:31:34 - INFO - Server is running on port: 3030 
4.8.2023, 12:31:35 - INFO - Server is running on port: 3030 
4.8.2023, 12:39:59 - INFO - Server is running on port: 3030 
4.8.2023, 12:40:11 - DEBUG - Getting Images: | {} 
4.8.2023, 12:40:20 - INFO - Server is running on port: 3030 
4.8.2023, 12:41:40 - INFO - Server is running on port: 3030 
4.8.2023, 12:41:42 - DEBUG - Getting Images: | {} 
4.8.2023, 12:41:43 - DEBUG - Getting Images: | {} 
4.8.2023, 12:42:02 - INFO - Server is running on port: 3030 
4.8.2023, 12:42:04 - DEBUG - Getting Images: | {} 
4.8.2023, 12:42:06 - DEBUG - Getting Images: | {} 
4.8.2023, 12:42:14 - INFO - Server is running on port: 3030 
4.8.2023, 12:42:17 - DEBUG - Getting Images: | {} 
4.8.2023, 12:42:26 - INFO - Server is running on port: 3030 
4.8.2023, 14:27:18 - INFO - Server is running on port: 3030 
4.8.2023, 14:27:22 - DEBUG - Getting Images: | {} 
4.8.2023, 14:27:35 - DEBUG - Getting Images: | {} 
4.8.2023, 14:27:36 - DEBUG - Getting Images: | {} 
4.8.2023, 14:27:54 - DEBUG - Getting Images: | {} 
4.8.2023, 14:27:55 - DEBUG - Getting Images: | {} 
4.8.2023, 14:27:57 - DEBUG - Getting Images: | {} 
4.8.2023, 14:28:16 - DEBUG - Getting Images: | {} 
4.8.2023, 14:28:36 - DEBUG - Getting Images: | {} 
4.8.2023, 14:30:01 - DEBUG - Getting Images: | {} 
4.8.2023, 14:30:07 - DEBUG - Getting Images: | {} 
4.8.2023, 14:30:08 - DEBUG - Getting Images: | {} 
4.8.2023, 14:30:09 - DEBUG - Getting Images: | {} 
4.8.2023, 14:30:20 - DEBUG - Getting Images: | {} 
4.8.2023, 14:30:22 - DEBUG - Getting Images: | {} 
4.8.2023, 14:30:24 - DEBUG - Getting Images: | {} 
4.8.2023, 14:30:26 - DEBUG - Getting Images: | {} 
4.8.2023, 14:30:27 - DEBUG - Getting Images: | {} 
4.8.2023, 14:33:44 - DEBUG - Getting Images: | {} 
4.8.2023, 14:33:45 - DEBUG - Getting Images: | {} 
4.8.2023, 14:33:52 - DEBUG - Getting Images: | {} 
4.8.2023, 14:34:27 - DEBUG - Getting Images: | {} 
4.8.2023, 14:34:31 - DEBUG - Getting Images: | {} 
4.8.2023, 14:34:31 - DEBUG - Getting Images: | {} 
4.8.2023, 14:34:32 - DEBUG - Getting Images: | {} 
4.8.2023, 14:34:38 - DEBUG - Getting Images: | {} 
4.8.2023, 14:34:41 - DEBUG - Getting Images: | {} 
4.8.2023, 14:34:44 - DEBUG - Getting Images: | {} 
4.8.2023, 16:33:57 - DEBUG - Getting Images: | {} 
4.8.2023, 16:34:57 - DEBUG - Getting Images: | {} 
4.8.2023, 16:58:48 - INFO - Server is running on port: 3030 
4.8.2023, 16:59:06 - INFO - Server is running on port: 3030 
4.8.2023, 16:59:16 - INFO - Server is running on port: 3030 
4.8.2023, 16:59:29 - DEBUG - Getting Images: | {} 
4.8.2023, 16:59:32 - DEBUG - Getting Images: | {} 
4.8.2023, 16:59:34 - DEBUG - Getting Images: | {} 
4.8.2023, 17:03:07 - DEBUG - Getting Images: | {} 
4.8.2023, 17:03:25 - DEBUG - Getting Images: | {} 
4.8.2023, 17:03:32 - DEBUG - Getting Images: | {} 
4.8.2023, 17:03:34 - DEBUG - Getting Images: | {} 
4.8.2023, 17:03:37 - DEBUG - Getting Images: | {} 
4.8.2023, 17:03:48 - DEBUG - Getting Images: | {} 
4.8.2023, 17:04:35 - DEBUG - Getting Images: | {} 
4.8.2023, 17:06:35 - DEBUG - Getting Images: | {} 
4.8.2023, 17:06:44 - DEBUG - Getting Images: | {} 
4.8.2023, 17:11:35 - DEBUG - Getting Images: | {} 
4.8.2023, 17:11:37 - DEBUG - Getting Images: | {} 
4.8.2023, 17:11:38 - DEBUG - Getting Images: | {} 
4.8.2023, 17:15:35 - DEBUG - Getting Images: | {} 
4.8.2023, 17:21:58 - DEBUG - Getting Images: | {} 
4.8.2023, 17:22:07 - DEBUG - Getting Images: | {} 
4.8.2023, 17:22:09 - DEBUG - Getting Images: | {} 
4.8.2023, 17:23:52 - DEBUG - Getting Images: | {} 
4.8.2023, 17:34:17 - DEBUG - Getting Images: | {} 
4.8.2023, 17:34:19 - DEBUG - Getting Images: | {} 
4.8.2023, 17:34:21 - DEBUG - Getting Images: | {} 
4.8.2023, 17:35:10 - DEBUG - Getting Images: | {} 
4.8.2023, 17:37:22 - DEBUG - Getting Images: | {} 
4.8.2023, 17:37:59 - DEBUG - Getting Images: | {} 
4.8.2023, 17:38:07 - DEBUG - Getting Images: | {} 
4.8.2023, 17:38:52 - DEBUG - Getting Images: | {} 
4.8.2023, 17:50:19 - DEBUG - Getting Images: | {} 
4.8.2023, 17:50:20 - DEBUG - Getting Images: | {} 
4.8.2023, 17:50:54 - DEBUG - Getting Images: | {} 
4.8.2023, 17:50:58 - DEBUG - Getting Images: | {} 
4.8.2023, 17:51:15 - DEBUG - Getting Images: | {} 
4.8.2023, 17:58:16 - DEBUG - Getting Images: | {} 
5.8.2023, 17:04:24 - DEBUG - Getting Images: | {} 
11.8.2023, 9:07:28 - INFO - Server is running on port: 3030 
11.8.2023, 9:07:37 - DEBUG - Getting Images: | {} 
11.8.2023, 9:18:29 - INFO - Server is running on port: 3030 
11.8.2023, 9:18:33 - DEBUG - Getting Images: | {} 
11.8.2023, 9:18:33 - ERROR - Failed to get quote | Failed to get count 
11.8.2023, 9:18:33 - DEBUG - Getting Images: | {} 
11.8.2023, 9:18:33 - ERROR - Failed to get quote | Failed to get count 
11.8.2023, 9:19:10 - DEBUG - Getting Images: | {} 
11.8.2023, 9:19:10 - ERROR - Failed to get quote | Failed to get count 
11.8.2023, 9:20:23 - DEBUG - Getting Images: | {} 
11.8.2023, 9:20:25 - DEBUG - Getting Images: | {} 
11.8.2023, 11:53:43 - INFO - Server is running on port: 3030 
14.8.2023, 10:07:33 - INFO - Server is running on port: 3030 
14.8.2023, 10:07:33 - DEBUG - Getting Images: | {} 
14.8.2023, 10:09:19 - INFO - Server is running on port: 3030 
14.8.2023, 10:11:05 - DEBUG - Getting Images: | {} 
14.8.2023, 12:36:47 - DEBUG - Getting Images: | {} 
14.8.2023, 12:36:56 - DEBUG - Getting Images: | {} 
14.8.2023, 12:37:05 - DEBUG - Getting Images: | {} 
14.8.2023, 12:37:14 - DEBUG - Getting Images: | {} 
14.8.2023, 12:37:20 - DEBUG - Getting Images: | {} 
14.8.2023, 12:37:28 - DEBUG - Getting Images: | {} 
14.8.2023, 12:37:32 - DEBUG - Getting Images: | {} 
14.8.2023, 12:37:35 - DEBUG - Getting Images: | {} 
14.8.2023, 12:37:37 - DEBUG - Getting Images: | {} 
14.8.2023, 12:37:42 - DEBUG - Getting Images: | {} 
14.8.2023, 12:37:50 - DEBUG - Getting Images: | {} 
14.8.2023, 12:38:02 - DEBUG - Getting Images: | {} 
14.8.2023, 12:38:09 - DEBUG - Getting Images: | {} 
14.8.2023, 12:38:13 - DEBUG - Getting Images: | {} 
14.8.2023, 12:38:47 - DEBUG - Getting Images: | {} 
14.8.2023, 12:38:50 - DEBUG - Getting Images: | {} 
14.8.2023, 12:39:04 - DEBUG - Getting Images: | {} 
14.8.2023, 12:42:12 - INFO - Server is running on port: 3030 
14.8.2023, 12:47:28 - INFO - Server is running on port: 3030 
14.8.2023, 13:44:44 - INFO - Server is running on port: 3030 
14.8.2023, 19:13:57 - INFO - Server is running on port: 3030 
15.8.2023, 11:32:08 - DEBUG - Getting Images: | {} 
15.8.2023, 11:32:10 - DEBUG - Getting Images: | {} 
15.8.2023, 11:37:58 - DEBUG - Getting Images: | {} 
15.8.2023, 11:38:02 - DEBUG - Getting Images: | {} 
15.8.2023, 11:45:49 - DEBUG - Getting Images: | {} 
15.8.2023, 11:45:56 - DEBUG - Getting Images: | {} 
15.8.2023, 11:50:45 - DEBUG - Getting Images: | {} 
15.8.2023, 11:50:49 - DEBUG - Getting Images: | {} 
15.8.2023, 13:03:38 - DEBUG - Getting Images: | {} 
15.8.2023, 13:03:41 - DEBUG - Getting Images: | {} 
15.8.2023, 13:03:50 - DEBUG - Getting Images: | {} 
15.8.2023, 13:06:04 - DEBUG - Getting Images: | {} 
15.8.2023, 13:06:22 - DEBUG - Getting Images: | {} 
15.8.2023, 14:37:44 - DEBUG - Getting Images: | {} 
15.8.2023, 14:37:46 - DEBUG - Getting Images: | {} 
15.8.2023, 14:38:15 - DEBUG - Getting Images: | {} 
15.8.2023, 14:44:23 - DEBUG - Getting Images: | {} 
15.8.2023, 14:45:12 - DEBUG - Getting Images: | {} 
15.8.2023, 14:45:34 - DEBUG - Getting Images: | {} 
15.8.2023, 14:48:00 - DEBUG - Getting Images: | {} 
15.8.2023, 15:11:59 - DEBUG - Getting Images: | {} 
15.8.2023, 15:53:21 - DEBUG - Getting Images: | {} 
15.8.2023, 15:55:19 - DEBUG - Getting Images: | {} 
15.8.2023, 17:46:37 - INFO - Server is running on port: 3030 
15.8.2023, 17:46:48 - DEBUG - Getting Images: | {} 
15.8.2023, 17:46:59 - DEBUG - Getting Images: | {} 
15.8.2023, 18:01:43 - DEBUG - Getting Images: | {} 
15.8.2023, 18:02:08 - DEBUG - Getting Images: | {} 
15.8.2023, 18:02:47 - DEBUG - Getting Images: | {} 
15.8.2023, 18:02:50 - DEBUG - Getting Images: | {} 
15.8.2023, 18:03:01 - DEBUG - Getting Images: | {} 
15.8.2023, 18:03:10 - DEBUG - Getting Images: | {} 
15.8.2023, 18:03:23 - DEBUG - Getting Images: | {} 
15.8.2023, 18:04:50 - DEBUG - Getting Images: | {} 
15.8.2023, 18:05:11 - DEBUG - Getting Images: | {} 
15.8.2023, 18:05:26 - DEBUG - Getting Images: | {} 
15.8.2023, 18:12:42 - DEBUG - Getting Images: | {} 
15.8.2023, 18:14:01 - DEBUG - Getting Images: | {} 
15.8.2023, 18:14:12 - DEBUG - Getting Images: | {} 
15.8.2023, 18:14:17 - DEBUG - Getting Images: | {} 
15.8.2023, 18:14:21 - DEBUG - Getting Images: | {} 
15.8.2023, 18:14:27 - DEBUG - Getting Images: | {} 
15.8.2023, 18:15:04 - DEBUG - Getting Images: | {} 
15.8.2023, 18:19:53 - DEBUG - Getting Images: | {} 
15.8.2023, 18:19:57 - DEBUG - Getting Images: | {} 
15.8.2023, 18:21:11 - DEBUG - Getting Images: | {} 
15.8.2023, 18:21:59 - DEBUG - Getting Images: | {} 
15.8.2023, 18:23:56 - INFO - Server is running on port: 3030 
15.8.2023, 18:34:37 - INFO - Server is running on port: 3030 
15.8.2023, 18:42:03 - INFO - Server is running on port: 3030 
15.8.2023, 18:43:18 - INFO - Server is running on port: 3030 
15.8.2023, 18:43:39 - DEBUG - Getting Images: | {} 
15.8.2023, 18:43:54 - INFO - Server is running on port: 3030 
15.8.2023, 19:49:40 - INFO - Server is running on port: 3030 
15.8.2023, 19:50:22 - INFO - Server is running on port: 3030 
15.8.2023, 20:38:07 - INFO - Server is running on port: 3030 
15.8.2023, 20:38:22 - INFO - Server is running on port: 3030 
15.8.2023, 20:38:31 - INFO - Server is running on port: 3030 
15.8.2023, 20:38:42 - INFO - Server is running on port: 3030 
15.8.2023, 20:38:47 - INFO - Server is running on port: 3030 
15.8.2023, 20:39:26 - INFO - Server is running on port: 3030 
15.8.2023, 20:40:01 - INFO - Server is running on port: 3030 
15.8.2023, 20:57:52 - INFO - Server is running on port: 3030 
15.8.2023, 21:15:38 - INFO - Server is running on port: 3030 
15.8.2023, 21:17:10 - INFO - Server is running on port: 3030 
15.8.2023, 21:17:15 - INFO - Server is running on port: 3030 
15.8.2023, 21:17:47 - INFO - Server is running on port: 3030 
15.8.2023, 21:18:44 - INFO - Server is running on port: 3030 
15.8.2023, 21:19:59 - DEBUG - Getting Images: 
15.8.2023, 21:20:23 - DEBUG - Getting Images: 
15.8.2023, 21:21:29 - INFO - Server is running on port: 3030 
15.8.2023, 21:22:12 - INFO - Server is running on port: 3030 
15.8.2023, 21:22:21 - DEBUG - Getting Images: 
15.8.2023, 21:22:23 - DEBUG - Getting Images: 
15.8.2023, 21:22:43 - ERROR - Cannot Connect to DB | MongoServerSelectionError: connect ECONNREFUSED ::1:27017 
15.8.2023, 21:22:43 - ERROR - Failed to get Mongo collection | MongoServerSelectionError: connect ECONNREFUSED ::1:27017 
15.8.2023, 21:22:43 - ERROR - Failed to get quote | connect ECONNREFUSED ::1:27017 
15.8.2023, 21:22:43 - ERROR - cannot find usage count | MongoServerSelectionError: connect ECONNREFUSED ::1:27017 
15.8.2023, 21:22:47 - ERROR - Cannot Connect to DB | MongoServerSelectionError: connect ECONNREFUSED ::1:27017 
15.8.2023, 21:22:47 - ERROR - Failed to get Mongo collection | MongoServerSelectionError: connect ECONNREFUSED ::1:27017 
15.8.2023, 21:22:47 - ERROR - cannot find usage count | MongoServerSelectionError: connect ECONNREFUSED ::1:27017 
15.8.2023, 21:22:47 - ERROR - Failed to get quote | connect ECONNREFUSED ::1:27017 
15.8.2023, 21:22:51 - ERROR - Cannot Connect to DB | MongoServerSelectionError: connect ECONNREFUSED ::1:27017 
15.8.2023, 21:22:51 - ERROR - cannot find usage count | MongoServerSelectionError: connect ECONNREFUSED ::1:27017 
15.8.2023, 21:22:51 - ERROR - Failed to get Mongo collection | MongoServerSelectionError: connect ECONNREFUSED ::1:27017 
15.8.2023, 21:22:51 - ERROR - Cannot Connect to DB | MongoServerSelectionError: connect ECONNREFUSED ::1:27017 
15.8.2023, 21:22:51 - ERROR - Failed to get quote | connect ECONNREFUSED ::1:27017 
15.8.2023, 21:22:51 - ERROR - cannot find quotes | MongoServerSelectionError: connect ECONNREFUSED ::1:27017 
15.8.2023, 21:22:51 - ERROR - Failed to get quotes123123 | MongoServerSelectionError: connect ECONNREFUSED ::1:27017 
15.8.2023, 21:22:51 - ERROR - Failed to get Mongo collection | MongoServerSelectionError: connect ECONNREFUSED ::1:27017 
15.8.2023, 21:22:52 - INFO - Server is running on port: 3030 
15.8.2023, 21:22:52 - DEBUG - Getting Images: 
15.8.2023, 21:22:58 - DEBUG - Getting Images: 
15.8.2023, 21:23:13 - INFO - Server is running on port: 3030 
15.8.2023, 21:23:13 - DEBUG - Getting Images: 
15.8.2023, 21:23:15 - DEBUG - Getting Images: 
15.8.2023, 21:23:16 - DEBUG - Getting Images: 
15.8.2023, 21:23:38 - INFO - Server is running on port: 3030 
15.8.2023, 21:24:10 - INFO - Server is running on port: 3030 
15.8.2023, 21:24:53 - INFO - Server is running on port: 3030 
15.8.2023, 21:25:25 - ERROR - Cannot Connect to DB | MongoServerSelectionError: connect ECONNREFUSED ::1:27017 
15.8.2023, 21:25:25 - ERROR - cannot find usage count | MongoServerSelectionError: connect ECONNREFUSED ::1:27017 
15.8.2023, 21:25:25 - ERROR - Failed to get Mongo collection | MongoServerSelectionError: connect ECONNREFUSED ::1:27017 
15.8.2023, 21:25:25 - ERROR - Failed to get quote | connect ECONNREFUSED ::1:27017 
15.8.2023, 21:25:26 - ERROR - Cannot Connect to DB | MongoServerSelectionError: connect ECONNREFUSED ::1:27017 
15.8.2023, 21:25:26 - ERROR - Failed to get Mongo collection | MongoServerSelectionError: connect ECONNREFUSED ::1:27017 
15.8.2023, 21:25:26 - ERROR - cannot find usage count | MongoServerSelectionError: connect ECONNREFUSED ::1:27017 
15.8.2023, 21:25:26 - ERROR - Failed to get quote | connect ECONNREFUSED ::1:27017 
15.8.2023, 21:26:44 - DEBUG - Getting Images: 
15.8.2023, 21:26:50 - ERROR - Cannot Connect to DB | MongoServerSelectionError: connect ECONNREFUSED ::1:27017 
15.8.2023, 21:26:50 - ERROR - Failed to get Mongo collection | MongoServerSelectionError: connect ECONNREFUSED ::1:27017 
15.8.2023, 21:26:50 - ERROR - Failed to get quote | connect ECONNREFUSED ::1:27017 
15.8.2023, 21:26:50 - ERROR - cannot find usage count | MongoServerSelectionError: connect ECONNREFUSED ::1:27017 
15.8.2023, 21:26:55 - DEBUG - Getting Images: 
15.8.2023, 21:26:56 - DEBUG - Getting Images: 
15.8.2023, 21:27:14 - ERROR - Cannot Connect to DB | MongoServerSelectionError: connect ECONNREFUSED ::1:27017 
15.8.2023, 21:27:14 - ERROR - Failed to get Mongo collection | MongoServerSelectionError: connect ECONNREFUSED ::1:27017 
15.8.2023, 21:27:14 - ERROR - cannot find quotes | MongoServerSelectionError: connect ECONNREFUSED ::1:27017 
15.8.2023, 21:27:14 - ERROR - Failed to get quotes | MongoServerSelectionError: connect ECONNREFUSED ::1:27017 
15.8.2023, 21:27:14 - ERROR - Cannot Connect to DB | MongoServerSelectionError: connect ECONNREFUSED ::1:27017 
15.8.2023, 21:27:14 - ERROR - Failed to get Mongo collection | MongoServerSelectionError: connect ECONNREFUSED ::1:27017 
15.8.2023, 21:27:14 - ERROR - cannot find usage count | MongoServerSelectionError: connect ECONNREFUSED ::1:27017 
15.8.2023, 21:27:14 - ERROR - Failed to get quote | connect ECONNREFUSED ::1:27017 
15.8.2023, 21:27:25 - INFO - Server is running on port: 3030 
15.8.2023, 21:27:25 - DEBUG - Getting Images: 
15.8.2023, 21:27:41 - INFO - Server is running on port: 3030 
17.8.2023, 10:37:04 - INFO - Server is running on port: 3030 
17.8.2023, 10:38:15 - DEBUG - Getting Images: 
17.8.2023, 10:38:45 - ERROR - Cannot Connect to DB | MongoServerSelectionError: connect ECONNREFUSED ::1:27017 
17.8.2023, 10:38:45 - ERROR - cannot find quotes | MongoServerSelectionError: connect ECONNREFUSED ::1:27017 
17.8.2023, 10:38:45 - ERROR - Failed to get quotes | MongoServerSelectionError: connect ECONNREFUSED ::1:27017 
17.8.2023, 10:38:45 - ERROR - Failed to get Mongo collection | MongoServerSelectionError: connect ECONNREFUSED ::1:27017 
17.8.2023, 10:38:45 - ERROR - Cannot Connect to DB | MongoServerSelectionError: connect ECONNREFUSED ::1:27017 
17.8.2023, 10:38:45 - ERROR - Failed to get Mongo collection | MongoServerSelectionError: connect ECONNREFUSED ::1:27017 
17.8.2023, 10:38:45 - ERROR - Failed to get quote | connect ECONNREFUSED ::1:27017 
17.8.2023, 10:38:45 - ERROR - cannot find usage count | MongoServerSelectionError: connect ECONNREFUSED ::1:27017 
17.8.2023, 10:40:08 - DEBUG - Getting Images: 
17.8.2023, 10:40:38 - ERROR - Cannot Connect to DB | MongoServerSelectionError: connect ECONNREFUSED ::1:27017 
17.8.2023, 10:40:38 - ERROR - Failed to get quotes | MongoServerSelectionError: connect ECONNREFUSED ::1:27017 
17.8.2023, 10:40:38 - ERROR - Failed to get Mongo collection | MongoServerSelectionError: connect ECONNREFUSED ::1:27017 
17.8.2023, 10:40:38 - ERROR - cannot find quotes | MongoServerSelectionError: connect ECONNREFUSED ::1:27017 
17.8.2023, 10:40:38 - ERROR - Cannot Connect to DB | MongoServerSelectionError: connect ECONNREFUSED ::1:27017 
17.8.2023, 10:40:38 - ERROR - Failed to get Mongo collection | MongoServerSelectionError: connect ECONNREFUSED ::1:27017 
17.8.2023, 10:40:38 - ERROR - cannot find usage count | MongoServerSelectionError: connect ECONNREFUSED ::1:27017 
17.8.2023, 10:40:38 - ERROR - Failed to get quote | connect ECONNREFUSED ::1:27017 
17.8.2023, 10:41:08 - ERROR - Cannot Connect to DB | MongoServerSelectionError: connect ECONNREFUSED ::1:27017 
17.8.2023, 10:41:08 - ERROR - Failed to get quote | connect ECONNREFUSED ::1:27017 
17.8.2023, 10:41:08 - ERROR - cannot find usage count | MongoServerSelectionError: connect ECONNREFUSED ::1:27017 
17.8.2023, 10:41:08 - ERROR - Failed to get Mongo collection | MongoServerSelectionError: connect ECONNREFUSED ::1:27017 
27.8.2023, 11:36:37 - INFO - Server is running on port: 3030 
27.8.2023, 11:37:17 - ERROR - Cannot Connect to DB | MongoServerSelectionError: connect ECONNREFUSED ::1:27017 
27.8.2023, 11:37:17 - ERROR - cannot find usage count | MongoServerSelectionError: connect ECONNREFUSED ::1:27017 
27.8.2023, 11:37:17 - ERROR - Failed to get Mongo collection | MongoServerSelectionError: connect ECONNREFUSED ::1:27017 
27.8.2023, 11:37:17 - ERROR - Failed to get quote | connect ECONNREFUSED ::1:27017 
27.8.2023, 11:37:44 - ERROR - Cannot Connect to DB | MongoServerSelectionError: connect ECONNREFUSED ::1:27017 
27.8.2023, 11:37:44 - ERROR - Failed to get Mongo collection | MongoServerSelectionError: connect ECONNREFUSED ::1:27017 
27.8.2023, 11:37:44 - ERROR - cannot find usage count | MongoServerSelectionError: connect ECONNREFUSED ::1:27017 
27.8.2023, 11:37:44 - ERROR - Failed to get quote | connect ECONNREFUSED ::1:27017 
27.8.2023, 11:38:35 - INFO - Server is running on port: 3030 
27.8.2023, 11:38:47 - INFO - Server is running on port: 3030 
27.8.2023, 11:39:39 - DEBUG - Getting Images: 
27.8.2023, 11:39:40 - ERROR - Cannot Connect to DB | MongoServerSelectionError: connect ECONNREFUSED ::1:27017 
27.8.2023, 11:39:40 - ERROR - Failed to get Mongo collection | MongoServerSelectionError: connect ECONNREFUSED ::1:27017 
27.8.2023, 11:39:40 - ERROR - cannot find usage count | MongoServerSelectionError: connect ECONNREFUSED ::1:27017 
27.8.2023, 11:39:40 - ERROR - Failed to get quote | connect ECONNREFUSED ::1:27017 
27.8.2023, 11:39:42 - DEBUG - Getting Images: 
27.8.2023, 11:39:46 - ERROR - Cannot Connect to DB | MongoServerSelectionError: connect ECONNREFUSED ::1:27017 
27.8.2023, 11:39:46 - ERROR - Failed to get Mongo collection | MongoServerSelectionError: connect ECONNREFUSED ::1:27017 
27.8.2023, 11:39:46 - ERROR - Failed to get quote | connect ECONNREFUSED ::1:27017 
27.8.2023, 11:39:46 - ERROR - cannot find usage count | MongoServerSelectionError: connect ECONNREFUSED ::1:27017 
27.8.2023, 11:39:47 - ERROR - Cannot Connect to DB | MongoServerSelectionError: connect ECONNREFUSED ::1:27017 
27.8.2023, 11:39:47 - ERROR - Failed to get quote | connect ECONNREFUSED ::1:27017 
27.8.2023, 11:39:47 - ERROR - Failed to get Mongo collection | MongoServerSelectionError: connect ECONNREFUSED ::1:27017 
27.8.2023, 11:39:47 - ERROR - cannot find usage count | MongoServerSelectionError: connect ECONNREFUSED ::1:27017 
27.8.2023, 11:40:03 - DEBUG - Getting Images: 
27.8.2023, 11:40:03 - DEBUG - Getting Images: 
27.8.2023, 11:40:09 - ERROR - Cannot Connect to DB | MongoServerSelectionError: connect ECONNREFUSED ::1:27017 
27.8.2023, 11:40:09 - ERROR - Failed to get Mongo collection | MongoServerSelectionError: connect ECONNREFUSED ::1:27017 
27.8.2023, 11:40:09 - ERROR - Failed to get quotes | MongoServerSelectionError: connect ECONNREFUSED ::1:27017 
27.8.2023, 11:40:09 - ERROR - cannot find usage count | MongoServerSelectionError: connect ECONNREFUSED ::1:27017 
27.8.2023, 11:40:09 - ERROR - Cannot Connect to DB | MongoServerSelectionError: connect ECONNREFUSED ::1:27017 
27.8.2023, 11:40:09 - ERROR - Failed to get Mongo collection | MongoServerSelectionError: connect ECONNREFUSED ::1:27017 
27.8.2023, 11:40:09 - ERROR - cannot find quotes | MongoServerSelectionError: connect ECONNREFUSED ::1:27017 
27.8.2023, 11:40:09 - ERROR - Failed to get quote | connect ECONNREFUSED ::1:27017 
27.8.2023, 11:40:12 - ERROR - Cannot Connect to DB | MongoServerSelectionError: connect ECONNREFUSED ::1:27017 
27.8.2023, 11:40:12 - ERROR - Failed to get quotes | MongoServerSelectionError: connect ECONNREFUSED ::1:27017 
27.8.2023, 11:40:12 - ERROR - Failed to get Mongo collection | MongoServerSelectionError: connect ECONNREFUSED ::1:27017 
27.8.2023, 11:40:12 - ERROR - cannot find quotes | MongoServerSelectionError: connect ECONNREFUSED ::1:27017 
27.8.2023, 11:40:12 - ERROR - Cannot Connect to DB | MongoServerSelectionError: connect ECONNREFUSED ::1:27017 
27.8.2023, 11:40:12 - ERROR - cannot find usage count | MongoServerSelectionError: connect ECONNREFUSED ::1:27017 
27.8.2023, 11:40:12 - ERROR - Failed to get Mongo collection | MongoServerSelectionError: connect ECONNREFUSED ::1:27017 
27.8.2023, 11:40:12 - ERROR - Failed to get quote | connect ECONNREFUSED ::1:27017 
27.8.2023, 11:40:14 - DEBUG - Getting Images: 
27.8.2023, 11:40:15 - DEBUG - Getting Images: 
27.8.2023, 11:40:15 - DEBUG - Getting Images: 
27.8.2023, 11:40:16 - DEBUG - Getting Images: 
27.8.2023, 11:40:33 - ERROR - Cannot Connect to DB | MongoServerSelectionError: connect ECONNREFUSED ::1:27017 
27.8.2023, 11:40:33 - ERROR - Failed to get quotes | MongoServerSelectionError: connect ECONNREFUSED ::1:27017 
27.8.2023, 11:40:33 - ERROR - Failed to get Mongo collection | MongoServerSelectionError: connect ECONNREFUSED ::1:27017 
27.8.2023, 11:40:33 - ERROR - Cannot Connect to DB | MongoServerSelectionError: connect ECONNREFUSED ::1:27017 
27.8.2023, 11:40:33 - ERROR - cannot find quotes | MongoServerSelectionError: connect ECONNREFUSED ::1:27017 
27.8.2023, 11:40:33 - ERROR - Failed to get Mongo collection | MongoServerSelectionError: connect ECONNREFUSED ::1:27017 
27.8.2023, 11:40:33 - ERROR - cannot find usage count | MongoServerSelectionError: connect ECONNREFUSED ::1:27017 
27.8.2023, 11:40:33 - ERROR - Failed to get quote | connect ECONNREFUSED ::1:27017 
27.8.2023, 11:40:33 - INFO - Server is running on port: 3030 
27.8.2023, 11:40:33 - DEBUG - Getting Images: 
27.8.2023, 11:40:35 - DEBUG - Getting Images: 
27.8.2023, 11:40:45 - INFO - Server is running on port: 3030 
27.8.2023, 11:40:45 - DEBUG - Getting Images: 
27.8.2023, 11:40:58 - INFO - Server is running on port: 3030 
27.8.2023, 11:41:02 - INFO - Server is running on port: 3030 
27.8.2023, 11:41:12 - INFO - Server is running on port: 3030 
27.8.2023, 11:41:14 - DEBUG - Getting Images: 
27.8.2023, 11:41:17 - DEBUG - Getting Images: 
27.8.2023, 11:41:21 - INFO - Server is running on port: 3030 
27.8.2023, 11:41:22 - DEBUG - Getting Images: 
27.8.2023, 11:41:29 - INFO - Server is running on port: 3030 
27.8.2023, 11:41:30 - DEBUG - Getting Images: 
27.8.2023, 11:41:31 - DEBUG - Getting Images: 
27.8.2023, 11:41:31 - DEBUG - Getting Images: 
27.8.2023, 11:41:32 - DEBUG - Getting Images: 
27.8.2023, 11:41:33 - DEBUG - Getting Images: 
27.8.2023, 11:41:34 - DEBUG - Getting Images: 
27.8.2023, 11:42:00 - ERROR - Cannot Connect to DB | MongoServerSelectionError: connect ECONNREFUSED ::1:27017 
27.8.2023, 11:42:00 - ERROR - Failed to get Mongo collection | MongoServerSelectionError: connect ECONNREFUSED ::1:27017 
27.8.2023, 11:42:00 - ERROR - cannot find quotes | MongoServerSelectionError: connect ECONNREFUSED ::1:27017 
27.8.2023, 11:42:00 - ERROR - Cannot Connect to DB | MongoServerSelectionError: connect ECONNREFUSED ::1:27017 
27.8.2023, 11:42:00 - ERROR - Failed to get quotes | MongoServerSelectionError: connect ECONNREFUSED ::1:27017 
27.8.2023, 11:42:00 - ERROR - Failed to get Mongo collection | MongoServerSelectionError: connect ECONNREFUSED ::1:27017 
27.8.2023, 11:42:00 - ERROR - cannot find usage count | MongoServerSelectionError: connect ECONNREFUSED ::1:27017 
27.8.2023, 11:42:00 - ERROR - Failed to get quote | connect ECONNREFUSED ::1:27017 
27.8.2023, 11:42:01 - ERROR - Cannot Connect to DB | MongoServerSelectionError: connect ECONNREFUSED ::1:27017 
27.8.2023, 11:42:01 - ERROR - Failed to get Mongo collection | MongoServerSelectionError: connect ECONNREFUSED ::1:27017 
27.8.2023, 11:42:01 - ERROR - Failed to get quotes | MongoServerSelectionError: connect ECONNREFUSED ::1:27017 
27.8.2023, 11:42:01 - ERROR - cannot find quotes | MongoServerSelectionError: connect ECONNREFUSED ::1:27017 
27.8.2023, 11:42:01 - ERROR - Cannot Connect to DB | MongoServerSelectionError: connect ECONNREFUSED ::1:27017 
27.8.2023, 11:42:01 - ERROR - cannot find usage count | MongoServerSelectionError: connect ECONNREFUSED ::1:27017 
27.8.2023, 11:42:01 - ERROR - Failed to get Mongo collection | MongoServerSelectionError: connect ECONNREFUSED ::1:27017 
27.8.2023, 11:42:01 - ERROR - Failed to get quote | connect ECONNREFUSED ::1:27017 
27.8.2023, 11:42:01 - ERROR - Cannot Connect to DB | MongoServerSelectionError: connect ECONNREFUSED ::1:27017 
27.8.2023, 11:42:01 - ERROR - Failed to get Mongo collection | MongoServerSelectionError: connect ECONNREFUSED ::1:27017 
27.8.2023, 11:42:01 - ERROR - cannot find quotes | MongoServerSelectionError: connect ECONNREFUSED ::1:27017 
27.8.2023, 11:42:01 - ERROR - Failed to get quotes | MongoServerSelectionError: connect ECONNREFUSED ::1:27017 
27.8.2023, 11:42:01 - ERROR - Failed to get Mongo collection | MongoServerSelectionError: connect ECONNREFUSED ::1:27017 
27.8.2023, 11:42:01 - ERROR - cannot find usage count | MongoServerSelectionError: connect ECONNREFUSED ::1:27017 
27.8.2023, 11:42:01 - ERROR - Cannot Connect to DB | MongoServerSelectionError: connect ECONNREFUSED ::1:27017 
27.8.2023, 11:42:01 - ERROR - Failed to get quote | connect ECONNREFUSED ::1:27017 
27.8.2023, 11:42:02 - ERROR - Cannot Connect to DB | MongoServerSelectionError: connect ECONNREFUSED ::1:27017 
27.8.2023, 11:42:02 - ERROR - Failed to get Mongo collection | MongoServerSelectionError: connect ECONNREFUSED ::1:27017 
27.8.2023, 11:42:02 - ERROR - cannot find quotes | MongoServerSelectionError: connect ECONNREFUSED ::1:27017 
27.8.2023, 11:42:02 - ERROR - Cannot Connect to DB | MongoServerSelectionError: connect ECONNREFUSED ::1:27017 
27.8.2023, 11:42:02 - ERROR - Failed to get quotes | MongoServerSelectionError: connect ECONNREFUSED ::1:27017 
27.8.2023, 11:42:02 - ERROR - Failed to get Mongo collection | MongoServerSelectionError: connect ECONNREFUSED ::1:27017 
27.8.2023, 11:42:02 - ERROR - cannot find usage count | MongoServerSelectionError: connect ECONNREFUSED ::1:27017 
27.8.2023, 11:42:02 - ERROR - Failed to get quote | connect ECONNREFUSED ::1:27017 
27.8.2023, 11:42:03 - ERROR - Cannot Connect to DB | MongoServerSelectionError: connect ECONNREFUSED ::1:27017 
27.8.2023, 11:42:03 - ERROR - Failed to get Mongo collection | MongoServerSelectionError: connect ECONNREFUSED ::1:27017 
27.8.2023, 11:42:03 - ERROR - Failed to get quotes | MongoServerSelectionError: connect ECONNREFUSED ::1:27017 
27.8.2023, 11:42:03 - ERROR - cannot find quotes | MongoServerSelectionError: connect ECONNREFUSED ::1:27017 
27.8.2023, 11:42:03 - ERROR - Cannot Connect to DB | MongoServerSelectionError: connect ECONNREFUSED ::1:27017 
27.8.2023, 11:42:03 - ERROR - Failed to get Mongo collection | MongoServerSelectionError: connect ECONNREFUSED ::1:27017 
27.8.2023, 11:42:03 - ERROR - Failed to get quote | connect ECONNREFUSED ::1:27017 
27.8.2023, 11:42:03 - ERROR - cannot find usage count | MongoServerSelectionError: connect ECONNREFUSED ::1:27017 
27.8.2023, 11:42:04 - ERROR - Cannot Connect to DB | MongoServerSelectionError: connect ECONNREFUSED ::1:27017 
27.8.2023, 11:42:04 - ERROR - Failed to get quotes | MongoServerSelectionError: connect ECONNREFUSED ::1:27017 
27.8.2023, 11:42:04 - ERROR - Failed to get Mongo collection | MongoServerSelectionError: connect ECONNREFUSED ::1:27017 
27.8.2023, 11:42:04 - ERROR - Cannot Connect to DB | MongoServerSelectionError: connect ECONNREFUSED ::1:27017 
27.8.2023, 11:42:04 - ERROR - Failed to get Mongo collection | MongoServerSelectionError: connect ECONNREFUSED ::1:27017 
27.8.2023, 11:42:04 - ERROR - cannot find quotes | MongoServerSelectionError: connect ECONNREFUSED ::1:27017 
27.8.2023, 11:42:04 - ERROR - cannot find usage count | MongoServerSelectionError: connect ECONNREFUSED ::1:27017 
27.8.2023, 11:42:04 - ERROR - Failed to get quote | connect ECONNREFUSED ::1:27017 
27.8.2023, 11:43:00 - INFO - Server is running on port: 3030 
27.8.2023, 11:43:03 - DEBUG - Getting Images: 
27.8.2023, 11:43:08 - INFO - Server is running on port: 3030 
27.8.2023, 11:43:13 - DEBUG - Getting Images: 
27.8.2023, 11:43:16 - INFO - Server is running on port: 3030 
27.8.2023, 11:43:16 - DEBUG - Getting Images: 
27.8.2023, 11:43:52 - DEBUG - Getting Images: 
27.8.2023, 11:44:55 - DEBUG - Getting Images: 
27.8.2023, 13:41:54 - DEBUG - Getting Images: 
27.8.2023, 13:41:56 - DEBUG - Getting Images: 
27.8.2023, 13:42:29 - DEBUG - Getting Images: 
27.8.2023, 14:18:42 - INFO - Server is running on port: 3030 
27.8.2023, 14:22:33 - INFO - Server is running on port: 3030 
27.8.2023, 14:30:26 - INFO - Server is running on port: 3030 
27.8.2023, 14:31:59 - INFO - Server is running on port: 3030 
27.8.2023, 15:39:50 - INFO - Server is running on port: 3030 
27.8.2023, 15:39:51 - DEBUG - Getting Images: 
27.8.2023, 15:40:56 - DEBUG - Getting Images: 
27.8.2023, 15:40:58 - DEBUG - Getting Images: 
27.8.2023, 15:58:45 - DEBUG - Getting Images: 
27.8.2023, 15:58:48 - DEBUG - Getting Images: 
27.8.2023, 15:59:38 - INFO - Server is running on port: 3030 
27.8.2023, 16:00:13 - INFO - Server is running on port: 3030 
27.8.2023, 16:00:38 - DEBUG - Getting Images: 
27.8.2023, 16:00:43 - DEBUG - Getting Images: 
27.8.2023, 16:00:47 - DEBUG - Getting Images: 
27.8.2023, 16:03:23 - INFO - Server is running on port: 3030 
27.8.2023, 16:03:37 - DEBUG - Getting Images: 
27.8.2023, 16:03:52 - INFO - Server is running on port: 3030 
27.8.2023, 16:04:00 - INFO - Server is running on port: 3030 
27.8.2023, 16:04:02 - DEBUG - Getting Images: 
29.8.2023, 11:59:51 - INFO - Server is running on port: 3030 
29.8.2023, 11:59:52 - DEBUG - Getting Images: 
29.8.2023, 11:59:54 - DEBUG - Getting Images: 
29.8.2023, 11:59:58 - DEBUG - Getting Images: 
29.8.2023, 12:59:27 - DEBUG - Getting Images: 
29.8.2023, 13:25:19 - INFO - Server is running on port: 3030 
29.8.2023, 13:25:26 - INFO - Server is running on port: 3030 
29.8.2023, 13:25:44 - INFO - Server is running on port: 3030 
29.8.2023, 13:26:14 - INFO - Server is running on port: 3030 
29.8.2023, 13:28:24 - INFO - Server is running on port: 3030 
29.8.2023, 13:28:26 - DEBUG - Getting Images: 
29.8.2023, 13:28:26 - ERROR - cannot find images | ReferenceError: setCriteria is not defined 
29.8.2023, 13:28:26 - ERROR - Failed to get images | ReferenceError: setCriteria is not defined 
29.8.2023, 13:28:28 - DEBUG - Getting Images: 
29.8.2023, 13:28:28 - ERROR - cannot find images | ReferenceError: setCriteria is not defined 
29.8.2023, 13:28:28 - ERROR - Failed to get images | ReferenceError: setCriteria is not defined 
29.8.2023, 13:28:46 - INFO - Server is running on port: 3030 
29.8.2023, 13:29:20 - INFO - Server is running on port: 3030 
29.8.2023, 13:29:25 - INFO - Server is running on port: 3030 
29.8.2023, 13:29:27 - DEBUG - Getting Images: 
29.8.2023, 13:29:53 - DEBUG - Getting Images: 
29.8.2023, 13:30:26 - DEBUG - Getting Images: 
29.8.2023, 13:30:27 - DEBUG - Getting Images: 
29.8.2023, 13:30:50 - DEBUG - Getting Images: 
29.8.2023, 13:30:51 - DEBUG - Getting Images: 
29.8.2023, 13:30:51 - DEBUG - Getting Images: 
29.8.2023, 13:31:07 - DEBUG - Getting Images: 
29.8.2023, 13:31:08 - DEBUG - Getting Images: 
29.8.2023, 13:31:08 - DEBUG - Getting Images: 
29.8.2023, 13:31:08 - DEBUG - Getting Images: 
29.8.2023, 13:31:23 - DEBUG - Getting Images: 
29.8.2023, 13:32:12 - INFO - Server is running on port: 3030 
29.8.2023, 13:32:13 - DEBUG - Getting Images: 
29.8.2023, 13:32:46 - INFO - Server is running on port: 3030 
29.8.2023, 13:32:51 - INFO - Server is running on port: 3030 
29.8.2023, 13:32:53 - DEBUG - Getting Images: 
29.8.2023, 13:32:58 - INFO - Server is running on port: 3030 
29.8.2023, 13:33:00 - DEBUG - Getting Images: 
29.8.2023, 13:33:26 - DEBUG - Getting Images: 
29.8.2023, 13:34:06 - DEBUG - Getting Images: 
29.8.2023, 13:35:25 - DEBUG - Getting Images: 
29.8.2023, 13:36:18 - DEBUG - Getting Images: 
29.8.2023, 13:39:52 - INFO - Server is running on port: 3030 
29.8.2023, 13:40:26 - INFO - Server is running on port: 3030 
29.8.2023, 13:40:55 - INFO - Server is running on port: 3030 
29.8.2023, 13:43:05 - INFO - Server is running on port: 3030 
29.8.2023, 13:43:08 - INFO - Server is running on port: 3030 
29.8.2023, 13:43:54 - DEBUG - Getting Images: 
29.8.2023, 13:46:14 - DEBUG - Getting Images: 
29.8.2023, 13:46:59 - DEBUG - Getting Images: 
29.8.2023, 13:49:05 - DEBUG - Getting Images: 
29.8.2023, 13:49:09 - DEBUG - Getting Images: 
29.8.2023, 13:51:50 - DEBUG - Getting Images: 
29.8.2023, 13:54:30 - DEBUG - Getting Images: 
29.8.2023, 13:59:02 - DEBUG - Getting Images: 
29.8.2023, 13:59:21 - DEBUG - Getting Images: 
29.8.2023, 13:59:27 - DEBUG - Getting Images: 
29.8.2023, 14:01:14 - DEBUG - Getting Images: 
29.8.2023, 14:11:07 - DEBUG - Getting Images: 
29.8.2023, 14:11:08 - DEBUG - Getting Images: 
29.8.2023, 14:11:52 - DEBUG - Getting Images: 
29.8.2023, 14:11:56 - DEBUG - Getting Images: 
29.8.2023, 14:13:46 - DEBUG - Getting Images: 
29.8.2023, 14:14:10 - DEBUG - Getting Images: 
29.8.2023, 14:14:35 - DEBUG - Getting Images: 
29.8.2023, 14:14:36 - DEBUG - Getting Images: 
29.8.2023, 14:14:43 - DEBUG - Getting Images: 
29.8.2023, 14:14:44 - DEBUG - Getting Images: 
29.8.2023, 14:14:45 - DEBUG - Getting Images: 
29.8.2023, 14:14:48 - DEBUG - Getting Images: 
29.8.2023, 14:15:09 - DEBUG - Getting Images: 
29.8.2023, 14:15:39 - DEBUG - Getting Images: 
29.8.2023, 14:15:53 - DEBUG - Getting Images: 
29.8.2023, 14:15:56 - DEBUG - Getting Images: 
29.8.2023, 14:24:27 - DEBUG - Getting Images: 
29.8.2023, 14:24:31 - DEBUG - Getting Images: 
29.8.2023, 14:24:32 - DEBUG - Getting Images: 
29.8.2023, 14:27:12 - DEBUG - Getting Images: 
29.8.2023, 14:32:54 - DEBUG - Getting Images: 
29.8.2023, 14:34:46 - DEBUG - Getting Images: 
29.8.2023, 14:36:30 - DEBUG - Getting Images: 
29.8.2023, 14:36:32 - DEBUG - Getting Images: 
29.8.2023, 14:37:04 - DEBUG - Getting Images: 
29.8.2023, 14:37:51 - DEBUG - Getting Images: 
29.8.2023, 14:41:15 - INFO - Server is running on port: 3030 
29.8.2023, 14:41:46 - INFO - Server is running on port: 3030 
29.8.2023, 14:42:21 - INFO - Server is running on port: 3030 
29.8.2023, 14:42:30 - INFO - Server is running on port: 3030 
29.8.2023, 14:42:32 - INFO - Server is running on port: 3030 
29.8.2023, 14:43:00 - INFO - Server is running on port: 3030 
29.8.2023, 14:43:52 - INFO - Server is running on port: 3030 
29.8.2023, 14:46:14 - INFO - Server is running on port: 3030 
29.8.2023, 14:46:37 - INFO - Server is running on port: 3030 
29.8.2023, 14:46:41 - INFO - Server is running on port: 3030 
29.8.2023, 14:46:51 - INFO - Server is running on port: 3030 
29.8.2023, 14:46:59 - INFO - Server is running on port: 3030 
29.8.2023, 14:55:31 - DEBUG - Getting Images: 
29.8.2023, 14:56:47 - DEBUG - Getting Images: 
29.8.2023, 14:57:06 - DEBUG - Getting Images: 
29.8.2023, 15:00:49 - DEBUG - Getting Images: 
29.8.2023, 15:09:32 - INFO - Server is running on port: 3030 
29.8.2023, 15:11:31 - DEBUG - Getting Images: 
29.8.2023, 15:12:34 - DEBUG - Getting Images: 
29.8.2023, 15:13:25 - DEBUG - Getting Images: 
29.8.2023, 15:13:27 - DEBUG - Getting Images: 
29.8.2023, 15:15:19 - DEBUG - Getting Images: 
29.8.2023, 15:15:22 - DEBUG - Getting Images: 
29.8.2023, 15:15:24 - DEBUG - Getting Images: 
29.8.2023, 15:15:51 - DEBUG - Getting Images: 
29.8.2023, 15:15:53 - DEBUG - Getting Images: 
29.8.2023, 15:16:06 - DEBUG - Getting Images: 
29.8.2023, 15:16:07 - DEBUG - Getting Images: 
29.8.2023, 15:16:18 - DEBUG - Getting Images: 
29.8.2023, 15:16:41 - DEBUG - Getting Images: 
29.8.2023, 15:16:56 - DEBUG - Getting Images: 
29.8.2023, 15:17:12 - DEBUG - Getting Images: 
29.8.2023, 15:17:14 - DEBUG - Getting Images: 
29.8.2023, 15:17:32 - DEBUG - Getting Images: 
29.8.2023, 15:17:57 - DEBUG - Getting Images: 
29.8.2023, 15:17:58 - DEBUG - Getting Images: 
29.8.2023, 15:18:05 - DEBUG - Getting Images: 
29.8.2023, 15:18:15 - DEBUG - Getting Images: 
29.8.2023, 15:18:16 - DEBUG - Getting Images: 
29.8.2023, 15:18:32 - DEBUG - Getting Images: 
29.8.2023, 15:18:44 - DEBUG - Getting Images: 
29.8.2023, 15:19:50 - DEBUG - Getting Images: 
29.8.2023, 15:24:07 - DEBUG - Getting Images: 
29.8.2023, 15:36:00 - DEBUG - Getting Images: 
29.8.2023, 15:46:03 - DEBUG - Getting Images: 
29.8.2023, 15:46:28 - DEBUG - Getting Images: 
29.8.2023, 15:46:31 - DEBUG - Getting Images: 
29.8.2023, 15:46:48 - DEBUG - Getting Images: 
29.8.2023, 15:47:06 - DEBUG - Getting Images: 
29.8.2023, 15:47:10 - DEBUG - Getting Images: 
29.8.2023, 15:47:26 - INFO - Server is running on port: 3030 
29.8.2023, 15:47:28 - INFO - Server is running on port: 3030 
29.8.2023, 15:47:40 - INFO - Server is running on port: 3030 
29.8.2023, 15:48:09 - DEBUG - Getting Images: 
29.8.2023, 15:48:58 - DEBUG - Getting Images: 
29.8.2023, 15:49:59 - INFO - Server is running on port: 3030 
29.8.2023, 15:49:59 - DEBUG - Getting Images: 
29.8.2023, 15:51:54 - INFO - Server is running on port: 3030 
29.8.2023, 15:51:55 - INFO - Server is running on port: 3030 
29.8.2023, 15:53:12 - INFO - Server is running on port: 3030 
29.8.2023, 15:53:18 - DEBUG - Getting Images: 
29.8.2023, 15:53:22 - DEBUG - Getting Images: 
29.8.2023, 15:54:01 - INFO - Server is running on port: 3030 
29.8.2023, 15:54:03 - DEBUG - Getting Images: 
29.8.2023, 15:54:15 - INFO - Server is running on port: 3030 
29.8.2023, 15:54:30 - INFO - Server is running on port: 3030 
29.8.2023, 15:55:05 - DEBUG - Getting Images: 
29.8.2023, 15:55:38 - INFO - Server is running on port: 3030 
29.8.2023, 15:55:41 - DEBUG - Getting Images: 
